"../../../../../../Users/119593/Documents/GitHub/DonnanFarm/Content/Geometry/Meshes/CubeMaterial.uasset" 0
"../../../../../../Users/119593/Documents/GitHub/DonnanFarm/Content/Geometry/Meshes/TemplateFloor.uasset" 1
"../../../../../../Users/119593/Documents/GitHub/DonnanFarm/Content/landscape/copyright_grass.uasset" 2
"../../../../../../Users/119593/Documents/GitHub/DonnanFarm/Content/landscape/copyright_grass_Mat.uasset" 3
"../../../../../../Users/119593/Documents/GitHub/DonnanFarm/Content/landscape/Landscape.uasset" 4
"../../../../../../Users/119593/Documents/GitHub/DonnanFarm/Content/Mannequin/Character/Mesh/UE4_Mannequin_Skeleton.uasset" 5
"../../../../../../Users/119593/Documents/GitHub/DonnanFarm/Content/Mannequin/Animations/ThirdPersonJump_End.uasset" 6
"../../../../../../Users/119593/Documents/GitHub/DonnanFarm/Content/Martinez/company.uasset" 7
"../../../../../../Users/119593/Documents/GitHub/DonnanFarm/Content/Martinez/LogoStartup.uasset" 8
"../../../../../../Users/119593/Documents/GitHub/DonnanFarm/Content/Martinez/LogoStartup_Video.uasset" 9
"../../../../../../Users/119593/Documents/GitHub/DonnanFarm/Content/Martinez/LogoStart.uasset" 10
"../../../../../../Users/119593/Documents/GitHub/DonnanFarm/Content/Martinez/Rooster_sound_1.uasset" 11
"../../../../../../Users/119593/Documents/GitHub/DonnanFarm/Content/Martinez/Rooster_sound_2.uasset" 12
"../../../../../../Users/119593/Documents/GitHub/DonnanFarm/Content/Martinez/Rooster_sound_3.uasset" 13
"../../../../../../Users/119593/Documents/GitHub/DonnanFarm/Content/Martinez/DMs/SheepDM.uasset" 14
"../../../../../../Users/119593/Documents/GitHub/DonnanFarm/Content/Martinez/DMs/Soy-Bean-StalDM.uasset" 15
"../../../../../../Users/119593/Documents/GitHub/DonnanFarm/Content/Martinez/DMs/Soy-Bean-StalDM_Mat.uasset" 16
"../../../../../../Users/119593/Documents/GitHub/DonnanFarm/Content/Martinez/Icons/shovel_temp.uasset" 17
"../../../../../../Users/119593/Documents/GitHub/DonnanFarm/Content/Moorhead/06_-_Default.uasset" 18
"../../../../../../Users/119593/Documents/GitHub/DonnanFarm/Content/Martinez/DMs/DM_CornGrown.uasset" 19
"../../../../../../Users/119593/Documents/GitHub/DonnanFarm/Content/Martinez/Mats/Mat_CornGrown.uasset" 20
"../../../../../../Users/119593/Documents/GitHub/DonnanFarm/Content/Moorhead/CornGrown.uasset" 21
"../../../Engine/Content/Functions/Engine_MaterialFunctions01/Opacity/CameraDepthFade.uasset" 22
"../../../Engine/Content/EngineMaterials/T_Default_Material_Grid_M.uasset" 23
"../../../Engine/Content/EngineMaterials/T_Default_Material_Grid_N.uasset" 24
"../../../Engine/Content/EngineMaterials/WorldGridMaterial.uasset" 25
"../../../../../../Users/119593/Documents/GitHub/DonnanFarm/Content/Moorhead/Corn_Plot_export.uasset" 26
"../../../../../../Users/119593/Documents/GitHub/DonnanFarm/Content/Moorhead/Cowboywithanim_Skeleton.uasset" 27
"../../../../../../Users/119593/Documents/GitHub/DonnanFarm/Content/Moorhead/Cowboywithanim_Anim.uasset" 28
"../../../../../../Users/119593/Documents/GitHub/DonnanFarm/Content/Moorhead/Cowboywithanim_PhysicsAsset.uasset" 29
"../../../../../../Users/119593/Documents/GitHub/DonnanFarm/Content/Moorhead/Material__28.uasset" 30
"../../../../../../Users/119593/Documents/GitHub/DonnanFarm/Content/Moorhead/Material__48.uasset" 31
"../../../../../../Users/119593/Documents/GitHub/DonnanFarm/Content/Moorhead/Selection_Box.uasset" 32
"../../../../../../Users/119593/Documents/GitHub/DonnanFarm/Content/Moorhead/Sheep_export_wiht_anim_Skeleton.uasset" 33
"../../../../../../Users/119593/Documents/GitHub/DonnanFarm/Content/Moorhead/Sheep_export_with_anim_Skeleton.uasset" 34
"../../../../../../Users/119593/Documents/GitHub/DonnanFarm/Content/Moorhead/SoybeanGrown.uasset" 35
"../../../../../../Users/119593/Documents/GitHub/DonnanFarm/Content/Moorhead/SoyBean_Plot_Export.uasset" 36
"../../../../../../Users/119593/Documents/GitHub/DonnanFarm/Content/Moorhead/Wheat_Plot_Export.uasset" 37
"../../../../../../Users/119593/Documents/GitHub/DonnanFarm/Content/Moorhead/SpecialCowboyFolder/Material__28.uasset" 38
"../../../../../../Users/119593/Documents/GitHub/DonnanFarm/Content/StarterContent/Textures/T_Brick_Clay_New_D.uasset" 39
"../../../../../../Users/119593/Documents/GitHub/DonnanFarm/Content/StarterContent/Textures/T_Brick_Clay_New_M.uasset" 40
"../../../../../../Users/119593/Documents/GitHub/DonnanFarm/Content/StarterContent/Textures/T_Brick_Clay_New_N.uasset" 41
"../../../../../../Users/119593/Documents/GitHub/DonnanFarm/Content/StarterContent/Textures/T_Detail_Rocky_N.uasset" 42
"../../../../../../Users/119593/Documents/GitHub/DonnanFarm/Content/StarterContent/Textures/T_MacroVariation.uasset" 43
"../../../../../../Users/119593/Documents/GitHub/DonnanFarm/Content/StarterContent/Materials/M_Brick_Clay_New.uasset" 44
"../../../../../../Users/119593/Documents/GitHub/DonnanFarm/Content/StarterContent/Textures/T_Brick_Cut_Stone_D.uasset" 45
"../../../../../../Users/119593/Documents/GitHub/DonnanFarm/Content/StarterContent/Textures/T_Brick_Cut_Stone_N.uasset" 46
"../../../../../../Users/119593/Documents/GitHub/DonnanFarm/Content/StarterContent/Textures/T_Perlin_Noise_M.uasset" 47
"../../../../../../Users/119593/Documents/GitHub/DonnanFarm/Content/StarterContent/Materials/M_Brick_Cut_Stone.uasset" 48
"../../../../../../Users/119593/Documents/GitHub/DonnanFarm/Content/ThornleyWork/arrow.uasset" 49
"../../../../../../Users/119593/Documents/GitHub/DonnanFarm/Content/ThornleyWork/Barley_PH.uasset" 50
"../../../../../../Users/119593/Documents/GitHub/DonnanFarm/Content/ThornleyWork/Barley_Mat.uasset" 51
"../../../../../../Users/119593/Documents/GitHub/DonnanFarm/Content/ThornleyWork/Cattle_PH.uasset" 52
"../../../../../../Users/119593/Documents/GitHub/DonnanFarm/Content/ThornleyWork/Cowboy_PH.uasset" 53
"../../../../../../Users/119593/Documents/GitHub/DonnanFarm/Content/ThornleyWork/textUV_002.uasset" 54
"../../../../../../Users/119593/Documents/GitHub/DonnanFarm/Content/ThornleyWork/FEMCE.uasset" 55
"../../../../../../Users/119593/Documents/GitHub/DonnanFarm/Content/ThornleyWork/Fence_PH.uasset" 56
"../../../../../../Users/119593/Documents/GitHub/DonnanFarm/Content/ThornleyWork/Field_Hay_PH.uasset" 57
"../../../../../../Users/119593/Documents/GitHub/DonnanFarm/Content/ThornleyWork/Hay_Mat.uasset" 58
"../../../../../../Users/119593/Documents/GitHub/DonnanFarm/Content/ThornleyWork/Hogs_PH.uasset" 59
"../../../../../../Users/119593/Documents/GitHub/DonnanFarm/Content/ThornleyWork/Icon_BackGround.uasset" 60
"../../../../../../Users/119593/Documents/GitHub/DonnanFarm/Content/ThornleyWork/Oats_PH.uasset" 61
"../../../../../../Users/119593/Documents/GitHub/DonnanFarm/Content/ThornleyWork/Oats_Mat.uasset" 62
"../../../../../../Users/119593/Documents/GitHub/DonnanFarm/Content/ThornleyWork/Peas_PH.uasset" 63
"../../../../../../Users/119593/Documents/GitHub/DonnanFarm/Content/ThornleyWork/Peas_Mat.uasset" 64
"../../../../../../Users/119593/Documents/GitHub/DonnanFarm/Content/ThornleyWork/Pig_Export.uasset" 65
"../../../../../../Users/119593/Documents/GitHub/DonnanFarm/Content/ThornleyWork/Scythe_PH.uasset" 66
"../../../../../../Users/119593/Documents/GitHub/DonnanFarm/Content/ThornleyWork/Sheep_PH.uasset" 67
"../../../../../../Users/119593/Documents/GitHub/DonnanFarm/Content/ThornleyWork/Tobacco_Icon.uasset" 68
"../../../../../../Users/119593/Documents/GitHub/DonnanFarm/Content/ThornleyWork/Wheat_PH.uasset" 69
"../../../../../../Users/119593/Documents/GitHub/DonnanFarm/Content/ThornleyWork/Wheat_Mat.uasset" 70
"../../../../../../Users/119593/Documents/GitHub/DonnanFarm/Content/ThornleyWork/Widget3_SS.uasset" 71
"../../../../../../Users/119593/Documents/GitHub/DonnanFarm/Content/Moorhead/Scythe_Export_with_anim_Skeleton.uasset" 72
"../../../../../../Users/119593/Documents/GitHub/DonnanFarm/Content/Moorhead/Scythe_Export_with_anim_Anim.uasset" 73
"../../../../../../Users/119593/Documents/GitHub/DonnanFarm/Content/ThornleyWork/Corn_PH.uasset" 74
"../../../../../../Users/119593/Documents/GitHub/DonnanFarm/Content/ThornleyWork/Corn_Mat.uasset" 75
"../../../../../../Users/119593/Documents/GitHub/DonnanFarm/Content/Geometry/Meshes/1M_Cube.uasset" 76
"../../../../../../Users/119593/Documents/GitHub/DonnanFarm/Content/ThornleyWork/Crops/Crop.uasset" 77
"../../../../../../Users/119593/Documents/GitHub/DonnanFarm/Content/TopDownBP/Hussian/Cowboy/AI_Patrolling/PatrolPath.uasset" 78
"../../../Engine/Content/EditorBlueprintResources/StandardMacros.uasset" 79
"../../../../../../Users/119593/Documents/GitHub/DonnanFarm/Content/ThornleyWork/Crops/LivestockAI/BB_LivestockAI.uasset" 80
"../../../../../../Users/119593/Documents/GitHub/DonnanFarm/Content/ThornleyWork/Crops/LivestockAI/RandomPoint.uasset" 81
"../../../../../../Users/119593/Documents/GitHub/DonnanFarm/Content/ThornleyWork/Crops/LivestockAI/SetLivestockStartingLocation.uasset" 82
"../../../../../../Users/119593/Documents/GitHub/DonnanFarm/Content/ThornleyWork/Crops/LivestockAI/BT_LivestockAI.uasset" 83
"../../../../../../Users/119593/Documents/GitHub/DonnanFarm/Content/ThornleyWork/Crops/LivestockAI/Livestock_Controller.uasset" 84
"../../../../../../Users/119593/Documents/GitHub/DonnanFarm/Content/ThornleyWork/Crops/Livestock2.uasset" 85
"../../../../../../Users/119593/Documents/GitHub/DonnanFarm/Content/ThornleyWork/FenceExport.uasset" 86
"../../../../../../Users/119593/Documents/GitHub/DonnanFarm/Content/ThornleyWork/Fence.uasset" 87
"../../../../../../Users/119593/Documents/GitHub/DonnanFarm/Content/Martinez/DMs/ScytheDM.uasset" 88
"../../../../../../Users/119593/Documents/GitHub/DonnanFarm/Content/Martinez/DMs/ScytheDM_Mat.uasset" 89
"../../../../../../Users/119593/Documents/GitHub/DonnanFarm/Content/Moorhead/Scythe_Export_with_anim_PhysicsAsset.uasset" 90
"../../../../../../Users/119593/Documents/GitHub/DonnanFarm/Content/Moorhead/Scythe_Export_with_anim.uasset" 91
"../../../../../../Users/119593/Documents/GitHub/DonnanFarm/Content/ThornleyWork/Scythe.uasset" 92
"../../../../../../Users/119593/Documents/GitHub/DonnanFarm/Content/ThornleyWork/Material__48.uasset" 93
"../../../../../../Users/119593/Documents/GitHub/DonnanFarm/Content/ThornleyWork/Selection_Box.uasset" 94
"../../../../../../Users/119593/Documents/GitHub/DonnanFarm/Content/ThornleyWork/SelectionBox.uasset" 95
"../../../../../../Users/119593/Documents/GitHub/DonnanFarm/Content/Moorhead/SpecialCowboyFolder/Cowboywithanim_Skeleton.uasset" 96
"../../../../../../Users/119593/Documents/GitHub/DonnanFarm/Content/Moorhead/SpecialCowboyFolder/Cowboywithanim_Anim.uasset" 97
"../../../../../../Users/119593/Documents/GitHub/DonnanFarm/Content/TopDownBP/Hussian/Cowboy/BB_Cowboy.uasset" 98
"../../../../../../Users/119593/Documents/GitHub/DonnanFarm/Content/TopDownBP/Hussian/Cowboy/ChangePathPoint.uasset" 99
"../../../../../../Users/119593/Documents/GitHub/DonnanFarm/Content/TopDownBP/Hussian/Cowboy/FindPathPoint.uasset" 100
"../../../../../../Users/119593/Documents/GitHub/DonnanFarm/Content/TopDownBP/Hussian/Cowboy/BT_Cowboy.uasset" 101
"../../../../../../Users/119593/Documents/GitHub/DonnanFarm/Content/TopDownBP/Hussian/Cowboy/Cowboy_Controller.uasset" 102
"../../../../../../Users/119593/Documents/GitHub/DonnanFarm/Content/Martinez/DMs/CowboyDM.uasset" 103
"../../../../../../Users/119593/Documents/GitHub/DonnanFarm/Content/Martinez/DMs/CowboyDM_Mat.uasset" 104
"../../../../../../Users/119593/Documents/GitHub/DonnanFarm/Content/Moorhead/SpecialCowboyFolder/Cowboywithanim_PhysicsAsset.uasset" 105
"../../../../../../Users/119593/Documents/GitHub/DonnanFarm/Content/Moorhead/SpecialCowboyFolder/Cowboywithanim.uasset" 106
"../../../../../../Users/119593/Documents/GitHub/DonnanFarm/Content/TopDownBP/Hussian/Cowboy/Cowboy.uasset" 107
"../../../../../../Users/119593/Documents/GitHub/DonnanFarm/Content/ThornleyWork/Indie_Flower/IndieFlower-Regular.uasset" 108
"../../../../../../Users/119593/Documents/GitHub/DonnanFarm/Content/ThornleyWork/Indie_Flower/IndieFlower-Regular_Font.uasset" 109
"../../../../../../Users/119593/Documents/GitHub/DonnanFarm/Content/Martinez/GUIs/ScoreReport_UI.uasset" 110
"../../../../../../Users/119593/Documents/GitHub/DonnanFarm/Content/TopDownBP/Hussian/Seasons/ReportLine.uasset" 111
"../../../../../../Users/119593/Documents/GitHub/DonnanFarm/Content/TopDownBP/Hussian/Seasons/SeasonReport.uasset" 112
"../../../../../../Users/119593/Documents/GitHub/DonnanFarm/Content/ThornleyWork/Shadows_Into_Light_Two/ShadowsIntoLightTwo-Regular.uasset" 113
"../../../../../../Users/119593/Documents/GitHub/DonnanFarm/Content/ThornleyWork/Shadows_Into_Light_Two/ShadowsIntoLightTwo-Regular_Font.uasset" 114
"../../../../../../Users/119593/Documents/GitHub/DonnanFarm/Content/Martinez/Icons/Cowboy_Icon.uasset" 115
"../../../../../../Users/119593/Documents/GitHub/DonnanFarm/Content/Martinez/Icons/Fence_icon.uasset" 116
"../../../../../../Users/119593/Documents/GitHub/DonnanFarm/Content/Martinez/Icons/FieldPeas_Icon.uasset" 117
"../../../../../../Users/119593/Documents/GitHub/DonnanFarm/Content/Martinez/Icons/Hog_Icon.uasset" 118
"../../../../../../Users/119593/Documents/GitHub/DonnanFarm/Content/Martinez/Icons/NEWTobacco_Icon.uasset" 119
"../../../../../../Users/119593/Documents/GitHub/DonnanFarm/Content/Martinez/Icons/Sheep_Icon.uasset" 120
"../../../../../../Users/119593/Documents/GitHub/DonnanFarm/Content/Martinez/Icons/Shovel_Icon.uasset" 121
"../../../../../../Users/119593/Documents/GitHub/DonnanFarm/Content/Martinez/Icons/Sythe_Icon.uasset" 122
"../../../../../../Users/119593/Documents/GitHub/DonnanFarm/Content/Moorhead/Material__50.uasset" 123
"../../../../../../Users/119593/Documents/GitHub/DonnanFarm/Content/Moorhead/CornUngrown.uasset" 124
"../../../../../../Users/119593/Documents/GitHub/DonnanFarm/Content/Moorhead/SoybeanUngrown.uasset" 125
"../../../../../../Users/119593/Documents/GitHub/DonnanFarm/Content/ThornleyWork/Barley_Icon.uasset" 126
"../../../../../../Users/119593/Documents/GitHub/DonnanFarm/Content/ThornleyWork/Bean_MouseIcon_Image.uasset" 127
"../../../../../../Users/119593/Documents/GitHub/DonnanFarm/Content/ThornleyWork/Corn_Icon.uasset" 128
"../../../../../../Users/119593/Documents/GitHub/DonnanFarm/Content/ThornleyWork/Cow_Icon.uasset" 129
"../../../../../../Users/119593/Documents/GitHub/DonnanFarm/Content/ThornleyWork/Hay_Icon.uasset" 130
"../../../../../../Users/119593/Documents/GitHub/DonnanFarm/Content/ThornleyWork/Oat_icon.uasset" 131
"../../../../../../Users/119593/Documents/GitHub/DonnanFarm/Content/ThornleyWork/Wheat_IconUpdate.uasset" 132
"../../../../../../Users/119593/Documents/GitHub/DonnanFarm/Content/ThornleyWork/GUI.uasset" 133
"../../../../../../Users/119593/Documents/GitHub/DonnanFarm/Content/Martinez/GUIs/Confirmation_UI.uasset" 134
"../../../../../../Users/119593/Documents/GitHub/DonnanFarm/Content/TopDownBP/Hussian/Seasons/Confirmation.uasset" 135
"../../../../../../Users/119593/Documents/GitHub/DonnanFarm/Content/TopDownBP/Hussian/Seasons/FadeInSequence.uasset" 136
"../../../../../../Users/119593/Documents/GitHub/DonnanFarm/Content/TopDownBP/Hussian/Seasons/FadeOutSequence.uasset" 137
"../../../../../../Users/119593/Documents/GitHub/DonnanFarm/Content/ThornleyWork/arrow2.uasset" 138
"../../../../../../Users/119593/Documents/GitHub/DonnanFarm/Content/ThornleyWork/Green_arrow.uasset" 139
"../../../../../../Users/119593/Documents/GitHub/DonnanFarm/Content/ThornleyWork/Notepad_without_wood.uasset" 140
"../../../../../../Users/119593/Documents/GitHub/DonnanFarm/Content/ThornleyWork/Sounds/Rooster_sound_1.uasset" 141
"../../../../../../Users/119593/Documents/GitHub/DonnanFarm/Content/ThornleyWork/Sounds/Rooster_sound_2.uasset" 142
"../../../../../../Users/119593/Documents/GitHub/DonnanFarm/Content/ThornleyWork/Sounds/Rooster_sound_3.uasset" 143
"../../../../../../Users/119593/Documents/GitHub/DonnanFarm/Content/ThornleyWork/buttonWIP.uasset" 144
"../../../../../../Users/119593/Documents/GitHub/DonnanFarm/Content/TopDownBP/Hussian/Seasons/GameOver.uasset" 145
"../../../../../../Users/119593/Documents/GitHub/DonnanFarm/Content/TopDownBP/Hussian/Seasons/Season.uasset" 146
"../../../../../../Users/119593/Documents/GitHub/DonnanFarm/Content/landscape/copyright_dirt.uasset" 147
"../../../../../../Users/119593/Documents/GitHub/DonnanFarm/Content/landscape/copyright_dirt_Mat.uasset" 148
"../../../../../../Users/119593/Documents/GitHub/DonnanFarm/Content/Martinez/DMs/BaleDM.uasset" 149
"../../../../../../Users/119593/Documents/GitHub/DonnanFarm/Content/Martinez/DMs/BaleDM_Mat.uasset" 150
"../../../../../../Users/119593/Documents/GitHub/DonnanFarm/Content/Martinez/DMs/Cow_DM.uasset" 151
"../../../../../../Users/119593/Documents/GitHub/DonnanFarm/Content/Martinez/DMs/Cow_DM_Mat.uasset" 152
"../../../../../../Users/119593/Documents/GitHub/DonnanFarm/Content/Martinez/DMs/GrassDM.uasset" 153
"../../../../../../Users/119593/Documents/GitHub/DonnanFarm/Content/Martinez/DMs/GrassDM_Mat.uasset" 154
"../../../../../../Users/119593/Documents/GitHub/DonnanFarm/Content/Martinez/DMs/oat.uasset" 155
"../../../../../../Users/119593/Documents/GitHub/DonnanFarm/Content/Martinez/DMs/oat_Mat.uasset" 156
"../../../../../../Users/119593/Documents/GitHub/DonnanFarm/Content/Martinez/DMs/peas.uasset" 157
"../../../../../../Users/119593/Documents/GitHub/DonnanFarm/Content/Martinez/DMs/peas_Mat.uasset" 158
"../../../../../../Users/119593/Documents/GitHub/DonnanFarm/Content/Martinez/DMs/PigDM.uasset" 159
"../../../../../../Users/119593/Documents/GitHub/DonnanFarm/Content/Martinez/DMs/PigDM_Mat.uasset" 160
"../../../../../../Users/119593/Documents/GitHub/DonnanFarm/Content/Martinez/DMs/u_barley.uasset" 161
"../../../../../../Users/119593/Documents/GitHub/DonnanFarm/Content/Martinez/DMs/u_barley_Mat.uasset" 162
"../../../../../../Users/119593/Documents/GitHub/DonnanFarm/Content/Martinez/DMs/u_wheat.uasset" 163
"../../../../../../Users/119593/Documents/GitHub/DonnanFarm/Content/Martinez/DMs/u_wheat_Mat.uasset" 164
"../../../../../../Users/119593/Documents/GitHub/DonnanFarm/Content/Martinez/DMs/DM_SoybeansGrown.uasset" 165
"../../../../../../Users/119593/Documents/GitHub/DonnanFarm/Content/Martinez/Mats/Mat_SoybeansGrown.uasset" 166
"../../../../../../Users/119593/Documents/GitHub/DonnanFarm/Content/Martinez/DMs/DM_WheatGrown.uasset" 167
"../../../../../../Users/119593/Documents/GitHub/DonnanFarm/Content/Martinez/Mats/WheatGrown_Mat.uasset" 168
"../../../../../../Users/119593/Documents/GitHub/DonnanFarm/Content/ThornleyWork/Green.uasset" 169
"../../../../../../Users/119593/Documents/GitHub/DonnanFarm/Content/ThornleyWork/Red.uasset" 170
"../../../../../../Users/119593/Documents/GitHub/DonnanFarm/Content/ThornleyWork/SheepDM.uasset" 171
"../../../../../../Users/119593/Documents/GitHub/DonnanFarm/Content/ThornleyWork/SheepDM_Mat.uasset" 172
"../../../../../../Users/119593/Documents/GitHub/DonnanFarm/Content/ThornleyWork/Coffee_PH.uasset" 173
"../../../../../../Users/119593/Documents/GitHub/DonnanFarm/Content/ThornleyWork/Soybeans_Mat.uasset" 174
"../../../../../../Users/119593/Documents/GitHub/DonnanFarm/Content/ThornleyWork/Tobacco_PH.uasset" 175
"../../../../../../Users/119593/Documents/GitHub/DonnanFarm/Content/ThornleyWork/Tobacco_Mat.uasset" 176
"../../../Engine/Content/BasicShapes/Cube.uasset" 177
"../../../../../../Users/119593/Documents/GitHub/DonnanFarm/Content/Moorhead/CowWithAnim_Skeleton.uasset" 178
"../../../../../../Users/119593/Documents/GitHub/DonnanFarm/Content/Moorhead/CowWithAnim_Anim.uasset" 179
"../../../../../../Users/119593/Documents/GitHub/DonnanFarm/Content/ThornleyWork/Crops/cowAnimBP.uasset" 180
"../../../../../../Users/119593/Documents/GitHub/DonnanFarm/Content/Moorhead/CowWithAnim_PhysicsAsset.uasset" 181
"../../../../../../Users/119593/Documents/GitHub/DonnanFarm/Content/Moorhead/CowWithAnim.uasset" 182
"../../../../../../Users/119593/Documents/GitHub/DonnanFarm/Content/Moorhead/HayGrown.uasset" 183
"../../../../../../Users/119593/Documents/GitHub/DonnanFarm/Content/Moorhead/HayUngrown.uasset" 184
"../../../../../../Users/119593/Documents/GitHub/DonnanFarm/Content/Moorhead/Pig_Export_With_anim_Skeleton.uasset" 185
"../../../../../../Users/119593/Documents/GitHub/DonnanFarm/Content/Moorhead/Pig_Export_With_anim_Anim.uasset" 186
"../../../../../../Users/119593/Documents/GitHub/DonnanFarm/Content/ThornleyWork/Crops/pigAnimBP.uasset" 187
"../../../../../../Users/119593/Documents/GitHub/DonnanFarm/Content/Moorhead/Pig_Export_With_anim_PhysicsAsset.uasset" 188
"../../../../../../Users/119593/Documents/GitHub/DonnanFarm/Content/Moorhead/Pig_Export_With_anim.uasset" 189
"../../../../../../Users/119593/Documents/GitHub/DonnanFarm/Content/Moorhead/Sheep_export_wiht_anim__1__Skeleton.uasset" 190
"../../../../../../Users/119593/Documents/GitHub/DonnanFarm/Content/Moorhead/Sheep_export_wiht_anim__1__Anim.uasset" 191
"../../../../../../Users/119593/Documents/GitHub/DonnanFarm/Content/ThornleyWork/Crops/sheepAnimBP.uasset" 192
"../../../../../../Users/119593/Documents/GitHub/DonnanFarm/Content/Moorhead/Sheep_export_wiht_anim__1__PhysicsAsset.uasset" 193
"../../../../../../Users/119593/Documents/GitHub/DonnanFarm/Content/Moorhead/Sheep_export_wiht_anim__1_.uasset" 194
"../../../../../../Users/119593/Documents/GitHub/DonnanFarm/Content/Moorhead/TobaccoGrown.uasset" 195
"../../../../../../Users/119593/Documents/GitHub/DonnanFarm/Content/Moorhead/TobaccoUngrown.uasset" 196
"../../../../../../Users/119593/Documents/GitHub/DonnanFarm/Content/Moorhead/Default.uasset" 197
"../../../../../../Users/119593/Documents/GitHub/DonnanFarm/Content/Moorhead/WheatGrown.uasset" 198
"../../../../../../Users/119593/Documents/GitHub/DonnanFarm/Content/Moorhead/WheatUngrown.uasset" 199
"../../../../../../Users/119593/Documents/GitHub/DonnanFarm/Content/ThornleyWork/Crop_Models/Material__50.uasset" 200
"../../../../../../Users/119593/Documents/GitHub/DonnanFarm/Content/ThornleyWork/Crop_Models/CornWithPlane_Cylinder013.uasset" 201
"../../../../../../Users/119593/Documents/GitHub/DonnanFarm/Content/ThornleyWork/new_soybean_export.uasset" 202
"../../../../../../Users/119593/Documents/GitHub/DonnanFarm/Content/ThornleyWork/Sounds/Cowboy_Sound_4.uasset" 203
"../../../../../../Users/119593/Documents/GitHub/DonnanFarm/Content/ThornleyWork/Sounds/CowboySound1.uasset" 204
"../../../../../../Users/119593/Documents/GitHub/DonnanFarm/Content/ThornleyWork/Sounds/CowboySound2.uasset" 205
"../../../../../../Users/119593/Documents/GitHub/DonnanFarm/Content/ThornleyWork/Sounds/CowboySound3.uasset" 206
"../../../../../../Users/119593/Documents/GitHub/DonnanFarm/Content/ThornleyWork/Sounds/Final_Bah.uasset" 207
"../../../../../../Users/119593/Documents/GitHub/DonnanFarm/Content/ThornleyWork/Sounds/Final_Fence_Sound.uasset" 208
"../../../../../../Users/119593/Documents/GitHub/DonnanFarm/Content/ThornleyWork/Sounds/Final_Moo.uasset" 209
"../../../../../../Users/119593/Documents/GitHub/DonnanFarm/Content/ThornleyWork/Sounds/Final_Oink.uasset" 210
"../../../../../../Users/119593/Documents/GitHub/DonnanFarm/Content/ThornleyWork/Sounds/Planting_Sound_Final__2_.uasset" 211
"../../../../../../Users/119593/Documents/GitHub/DonnanFarm/Content/ThornleyWork/Sounds/Scythe_Sound_Final.uasset" 212
"../../../../../../Users/119593/Documents/GitHub/DonnanFarm/Content/TopDownBP/Hussian/FloatingMoney.uasset" 213
"../../../../../../Users/119593/Documents/GitHub/DonnanFarm/Content/ThornleyWork/Crops/Plot.uasset" 214
"../../../../../../Users/119593/Documents/GitHub/DonnanFarm/Content/ThornleyWork/Crops/Livestock.uasset" 215
"../../../../../../Users/119593/Documents/GitHub/DonnanFarm/Content/ThornleyWork/Crops/LivestockAI/BTTask_BlueprintBase_New.uasset" 216
"../../../../../../Users/119593/Documents/GitHub/DonnanFarm/Content/Mannequin/Animations/ThirdPerson_Jump.uasset" 217
"../../../../../../Users/119593/Documents/GitHub/DonnanFarm/Content/Mannequin/Animations/ThirdPersonJump_Loop.uasset" 218
"../../../../../../Users/119593/Documents/GitHub/DonnanFarm/Content/Mannequin/Animations/ThirdPersonJump_Start.uasset" 219
"../../../../../../Users/119593/Documents/GitHub/DonnanFarm/Content/Mannequin/Animations/ThirdPersonIdle.uasset" 220
"../../../../../../Users/119593/Documents/GitHub/DonnanFarm/Content/Mannequin/Animations/ThirdPersonRun.uasset" 221
"../../../../../../Users/119593/Documents/GitHub/DonnanFarm/Content/Mannequin/Animations/ThirdPersonWalk.uasset" 222
"../../../../../../Users/119593/Documents/GitHub/DonnanFarm/Content/Mannequin/Animations/ThirdPerson_IdleRun_2D.uasset" 223
"../../../../../../Users/119593/Documents/GitHub/DonnanFarm/Content/Mannequin/Animations/ThirdPerson_AnimBP.uasset" 224
"../../../Engine/Content/Functions/Engine_MaterialFunctions02/Utility/BlendAngleCorrectedNormals.uasset" 225
"../../../Engine/Content/Functions/MaterialLayerFunctions/MatLayerBlend_NormalBlend.uasset" 226
"../../../Engine/Content/Functions/MaterialLayerFunctions/MatLayerBlend_Simple.uasset" 227
"../../../../../../Users/119593/Documents/GitHub/DonnanFarm/Content/Mannequin/Character/Materials/MaterialLayers/T_ML_Rubber_Blue_01_D.uasset" 228
"../../../../../../Users/119593/Documents/GitHub/DonnanFarm/Content/Mannequin/Character/Materials/MaterialLayers/T_ML_Rubber_Blue_01_N.uasset" 229
"../../../../../../Users/119593/Documents/GitHub/DonnanFarm/Content/Mannequin/Character/Materials/MaterialLayers/ML_GlossyBlack_Latex_UE4.uasset" 230
"../../../../../../Users/119593/Documents/GitHub/DonnanFarm/Content/Mannequin/Character/Materials/MaterialLayers/ML_Plastic_Shiny_Beige.uasset" 231
"../../../../../../Users/119593/Documents/GitHub/DonnanFarm/Content/Mannequin/Character/Textures/UE4_LOGO_CARD.uasset" 232
"../../../../../../Users/119593/Documents/GitHub/DonnanFarm/Content/Mannequin/Character/Materials/MaterialLayers/ML_Plastic_Shiny_Beige_LOGO.uasset" 233
"../../../../../../Users/119593/Documents/GitHub/DonnanFarm/Content/Mannequin/Character/Materials/MaterialLayers/T_ML_Aluminum01.uasset" 234
"../../../../../../Users/119593/Documents/GitHub/DonnanFarm/Content/Mannequin/Character/Materials/MaterialLayers/T_ML_Aluminum01_N.uasset" 235
"../../../../../../Users/119593/Documents/GitHub/DonnanFarm/Content/Mannequin/Character/Materials/MaterialLayers/ML_SoftMetal_UE4.uasset" 236
"../../../../../../Users/119593/Documents/GitHub/DonnanFarm/Content/Mannequin/Character/Textures/UE4_Mannequin__normals.uasset" 237
"../../../../../../Users/119593/Documents/GitHub/DonnanFarm/Content/Mannequin/Character/Textures/UE4_Mannequin_MAT_MASKA.uasset" 238
"../../../../../../Users/119593/Documents/GitHub/DonnanFarm/Content/Mannequin/Character/Materials/M_UE4Man_Body.uasset" 239
"../../../../../../Users/119593/Documents/GitHub/DonnanFarm/Content/Mannequin/Character/Textures/UE4Man_Logo_N.uasset" 240
"../../../../../../Users/119593/Documents/GitHub/DonnanFarm/Content/Mannequin/Character/Materials/M_UE4Man_ChestLogo.uasset" 241
"../../../../../../Users/119593/Documents/GitHub/DonnanFarm/Content/Mannequin/Character/Mesh/SK_Mannequin_PhysicsAsset.uasset" 242
"../../../../../../Users/119593/Documents/GitHub/DonnanFarm/Content/Mannequin/Character/Mesh/SK_Mannequin.uasset" 243
"../../../../../../Users/119593/Documents/GitHub/DonnanFarm/Content/ThornleyWork/Crops/LivestockAI/LivestockAI.uasset" 244
"../../../../../../Users/119593/Documents/GitHub/DonnanFarm/Content/ThornleyWork/Crop_Models/CornWithPlane_Plane001.uasset" 245
"../../../../../../Users/119593/Documents/GitHub/DonnanFarm/Content/ThornleyWork/Crop_Models/Corn_Plot_export.uasset" 246
"../../../../../../Users/119593/Documents/GitHub/DonnanFarm/Content/ThornleyWork/Crop_Models/Grass_Export.uasset" 247
"../../../../../../Users/119593/Documents/GitHub/DonnanFarm/Content/ThornleyWork/Crop_Models/Hay_Bale_Export.uasset" 248
"../../../../../../Users/119593/Documents/GitHub/DonnanFarm/Content/ThornleyWork/Crop_Models/SoyBean_Plot_Export.uasset" 249
"../../../../../../Users/119593/Documents/GitHub/DonnanFarm/Content/ThornleyWork/Crop_Models/Wheat_Plot_Export.uasset" 250
"../../../Engine/Content/Functions/Engine_MaterialFunctions01/Density/ExponentialDensity.uasset" 251
"../../../Engine/Content/Functions/Engine_MaterialFunctions01/Gradient/RadialGradientExponential.uasset" 252
"../../../../../../Users/119593/Documents/GitHub/DonnanFarm/Content/TopDownBP/Blueprints/M_Cursor_Decal.uasset" 253
"../../../../../../Users/119593/Documents/GitHub/DonnanFarm/Content/TopDownBP/Hussian/Timer.uasset" 254
"../../../Engine/Content/ArtTools/RenderToTexture/Meshes/S_1_Unit_Plane.uasset" 255
"../../../Engine/Content/BasicShapes/Plane.uasset" 256
"../../../Engine/Content/EngineMaterials/DefaultMaterial.uasset" 257
"../../../Engine/Content/BasicShapes/Sphere.uasset" 258
"../../../Engine/Content/EditorLandscapeResources/DataLayer.uasset" 259
"../../../Engine/Content/EditorMaterials/GizmoMaterial.uasset" 260
"../../../Engine/Content/EditorMaterials/MAT_Groups_Toggle.uasset" 261
"../../../Engine/Content/EditorMaterials/MAT_Groups_Visibility.uasset" 262
"../../../Engine/Content/EditorMaterials/PreviewShadowIndicator.uasset" 263
"../../../Engine/Content/EditorMaterials/PreviewShadowIndicatorMaterial.uasset" 264
"../../../Engine/Content/EditorMaterials/MatineeGroups/MAT_ColorTrack.uasset" 265
"../../../Engine/Content/EditorMaterials/MatineeGroups/MAT_Groups_Anim.uasset" 266
"../../../Engine/Content/EditorMaterials/MatineeGroups/MAT_Groups_AudioMaster.uasset" 267
"../../../Engine/Content/EditorMaterials/MatineeGroups/MAT_Groups_Director.uasset" 268
"../../../Engine/Content/EditorMaterials/MatineeGroups/MAT_Groups_Event.uasset" 269
"../../../Engine/Content/EditorMaterials/MatineeGroups/MAT_Groups_Fade.uasset" 270
"../../../Engine/Content/EditorMaterials/MatineeGroups/MAT_Groups_Float.uasset" 271
"../../../Engine/Content/EditorMaterials/MatineeGroups/MAT_Groups_Move.uasset" 272
"../../../Engine/Content/EditorMaterials/MatineeGroups/MAT_Groups_Slomo.uasset" 273
"../../../Engine/Content/EditorMaterials/MatineeGroups/MAT_Groups_Sound.uasset" 274
"../../../Engine/Content/EditorMaterials/MatineeGroups/MAT_Groups_Vector.uasset" 275
"../../../Engine/Content/EditorMaterials/ParticleSystems/PSysThumbnail_NoImage.uasset" 276
"../../../Engine/Content/EditorMaterials/ParticleSystems/PSysThumbnail_OOD.uasset" 277
"../../../Engine/Content/EditorMaterials/Camera/CineMat.uasset" 278
"../../../Engine/Content/EditorMaterials/Camera/MI_CineMat_Rig.uasset" 279
"../../../Engine/Content/EditorMeshes/Camera/SM_CraneRig_Arm.uasset" 280
"../../../Engine/Content/EditorMeshes/Camera/SM_CraneRig_Base.uasset" 281
"../../../Engine/Content/EditorMeshes/Camera/SM_CraneRig_Body.uasset" 282
"../../../Engine/Content/EditorMeshes/Camera/SM_CraneRig_Mount.uasset" 283
"../../../Engine/Content/EditorMeshes/Camera/SM_RailRig_Mount.uasset" 284
"../../../Engine/Content/EditorMeshes/Camera/SM_RailRig_Track.uasset" 285
"../../../Engine/Content/EditorResources/BSPVertex.uasset" 286
"../../../Engine/Content/EditorResources/EmptyActor.uasset" 287
"../../../Engine/Content/EditorResources/S_Actor.uasset" 288
"../../../Engine/Content/EditorResources/S_Trigger.uasset" 289
"../../../Engine/Content/EditorResources/LightIcons/S_LightError.uasset" 290
"../../../Engine/Content/EditorResources/SequenceRecorder/Countdown.uasset" 291
"../../../Engine/Content/EditorResources/SequenceRecorder/RecordingIndicator.uasset" 292
"../../../Engine/Content/EditorSounds/Notifications/CompileFailed.uasset" 293
"../../../Engine/Content/EditorSounds/Notifications/CompileFailed_Cue.uasset" 294
"../../../Engine/Content/EditorSounds/Notifications/CompileSuccess.uasset" 295
"../../../Engine/Content/EditorSounds/Notifications/CompileStart_Cue.uasset" 296
"../../../Engine/Content/EditorSounds/Notifications/CompileSuccess_Cue.uasset" 297
"../../../Engine/Content/EngineDamageTypes/DmgTypeBP_Environmental.uasset" 298
"../../../Engine/Content/EngineDebugMaterials/HeatmapGradient.uasset" 299
"../../../Engine/Content/EngineDebugMaterials/BoneWeightMaterial.uasset" 300
"../../../Engine/Content/EngineDebugMaterials/ClothMaterial.uasset" 301
"../../../Engine/Content/EngineDebugMaterials/ClothMaterial_WF.uasset" 302
"../../../Engine/Content/EngineDebugMaterials/DebugEditorMaterial.uasset" 303
"../../../Engine/Content/EngineDebugMaterials/DebugMeshMaterial.uasset" 304
"../../../Engine/Content/EngineDebugMaterials/GeomMaterial.uasset" 305
"../../../Engine/Content/EngineDebugMaterials/M_SimpleTranslucent.uasset" 306
"../../../Engine/Content/EngineFonts/Faces/RobotoBold.uasset" 307
"../../../Engine/Content/EngineFonts/Faces/RobotoBoldItalic.uasset" 308
"../../../Engine/Content/EngineFonts/Faces/RobotoItalic.uasset" 309
"../../../Engine/Content/EngineFonts/Faces/RobotoLight.uasset" 310
"../../../Engine/Content/EngineFonts/Faces/RobotoRegular.uasset" 311
"../../../Engine/Content/EngineFonts/Roboto.uasset" 312
"../../../Engine/Content/EngineFonts/Faces/RobotoTiny.uasset" 313
"../../../Engine/Content/EngineFonts/RobotoTiny.uasset" 314
"../../../Engine/Content/EngineMaterials/BaseFlattenDiffuseMap.uasset" 315
"../../../Engine/Content/EngineMaterials/BaseFlattenEmissiveMap.uasset" 316
"../../../Engine/Content/EngineMaterials/BaseFlattenGrayscaleMap.uasset" 317
"../../../Engine/Content/EngineMaterials/BaseFlattenNormalMap.uasset" 318
"../../../Engine/Content/EngineMaterials/BaseFlattenMaterial.uasset" 319
"../../../Engine/Content/EngineMaterials/DefaultBloomKernel.uasset" 320
"../../../Engine/Content/EngineMaterials/DefaultBokeh.uasset" 321
"../../../Engine/Content/EngineMaterials/DefaultDiffuse.uasset" 322
"../../../Engine/Content/EngineMaterials/DefaultDeferredDecalMaterial.uasset" 323
"../../../Engine/Content/EngineMaterials/DefaultLightFunctionMaterial.uasset" 324
"../../../Engine/Content/Functions/Engine_MaterialFunctions02/Utility/BreakOutFloat2Components.uasset" 325
"../../../Engine/Content/EngineMaterials/DefaultPostProcessMaterial.uasset" 326
"../../../Engine/Content/EngineFonts/RobotoDistanceField.uasset" 327
"../../../Engine/Content/EngineMaterials/DefaultTextMaterialOpaque.uasset" 328
"../../../Engine/Content/EngineMaterials/DefaultWhiteGrid.uasset" 329
"../../../Engine/Content/EngineMaterials/EditorBrushMaterial.uasset" 330
"../../../Engine/Content/EngineMaterials/Good64x64TilingNoiseHighFreq.uasset" 331
"../../../Engine/Content/EngineMaterials/MiniFont.uasset" 332
"../../../Engine/Content/EngineMaterials/InvalidLightmapSettings.uasset" 333
"../../../Engine/Content/EngineMaterials/M_InvalidLightmapSettings.uasset" 334
"../../../Engine/Content/Functions/Engine_MaterialFunctions02/WorldPositionOffset/CameraOffset.uasset" 335
"../../../Engine/Content/EngineMaterials/PhAT_JointLimitMaterial.uasset" 336
"../../../Engine/Content/EngineMaterials/PreintegratedSkinBRDF.uasset" 337
"../../../Engine/Content/EngineMaterials/RemoveSurfaceMaterial.uasset" 338
"../../../Engine/Content/EngineMaterials/WeightMapPlaceholderTexture.uasset" 339
"../../../Engine/Content/EngineResources/WhiteSquareTexture.uasset" 340
"../../../Engine/Content/EngineMaterials/Widget3DPassThrough.uasset" 341
"../../../Engine/Content/EngineMaterials/Widget3DPassThrough_Masked.uasset" 342
"../../../Engine/Content/EngineMaterials/Widget3DPassThrough_Opaque.uasset" 343
"../../../Engine/Content/EngineMaterials/Widget3DPassThrough_Masked_OneSided.uasset" 344
"../../../Engine/Content/EngineMaterials/Widget3DPassThrough_Opaque_OneSided.uasset" 345
"../../../Engine/Content/EngineMaterials/Widget3DPassThrough_Translucent.uasset" 346
"../../../Engine/Content/EngineMaterials/Widget3DPassThrough_Translucent_OneSided.uasset" 347
"../../../Engine/Content/EngineMeshes/Cylinder.uasset" 348
"../../../Engine/Content/EngineMeshes/Sphere.uasset" 349
"../../../Engine/Content/EngineResources/Black.uasset" 350
"../../../Engine/Content/EngineResources/DefaultTexture.uasset" 351
"../../../Engine/Content/EngineResources/DefaultTextureCube.uasset" 352
"../../../Engine/Content/EngineResources/DefaultVolumeTexture2D.uasset" 353
"../../../Engine/Content/EngineResources/DefaultVolumeTexture.uasset" 354
"../../../Engine/Content/EngineResources/GradientTexture0.uasset" 355
"../../../Engine/Content/EngineSounds/Master.uasset" 356
"../../../Engine/Content/Functions/Engine_MaterialFunctions01/Shading/ConvertFromDiffSpec.uasset" 357
"../../../Engine/Content/Functions/Engine_MaterialFunctions01/Shading/PowerToRoughness.uasset" 358
"../../../Engine/Content/Maps/Templates/Thumbnails/Default.uasset" 359
"../../../Engine/Content/Maps/Templates/Thumbnails/VR-Basic.uasset" 360
"../../../Engine/Content/MobileResources/T_MobileControls_texture.uasset" 361
"../../../Engine/Content/MobileResources/T_MobileMenu2.uasset" 362
"../../../Engine/Content/MobileResources/HUD/AnalogHat.uasset" 363
"../../../Engine/Content/MobileResources/HUD/VirtualJoystick_Background.uasset" 364
"../../../Engine/Content/MobileResources/HUD/VirtualJoystick_Thumb.uasset" 365
"../../../Engine/Content/MobileResources/HUD/DefaultVirtualJoysticks.uasset" 366
"../../../Engine/Content/MobileResources/HUD/LeftVirtualJoystickOnly.uasset" 367
"../../../Engine/Content/MobileResources/HUD/MobileHUDButton1_off.uasset" 368
"../../../Engine/Content/MobileResources/HUD/MobileHUDButton1_on.uasset" 369
"../../../Engine/Content/MobileResources/HUD/MobileHUDButton2_off.uasset" 370
"../../../Engine/Content/MobileResources/HUD/MobileHUDButton2_on.uasset" 371
"../../../Engine/Content/MobileResources/HUD/MobileHUDButton3.uasset" 372
"../../../Engine/Content/MobileResources/HUD/MobileHUDButtonFire.uasset" 373
"../../../Engine/Content/MobileResources/HUD/MobileHUDDirectionPad.uasset" 374
"../../../Engine/Content/MobileResources/HUD/MobileHUDDirectionPad2.uasset" 375
"../../../Engine/Content/MobileResources/HUD/MobileHUDDirectionPad3.uasset" 376
"../../../Engine/Content/MobileResources/HUD/MobileHUDDirectionStick.uasset" 377
"../../../Engine/Content/MobileResources/HUD/T_Castle_ThumbstickInner.uasset" 378
"../../../Engine/Content/MobileResources/HUD/T_Castle_ThumbstickOutter.uasset" 379
"../../../Engine/Content/Tutorial/ContentIntroCurve.uasset" 380
"../../../Engine/Content/VREditor/LaserPointer/VR_LaserPower_01.uasset" 381
"../../../Engine/Content/VREditor/TransformGizmo/TransformGizmoMaterial.uasset" 382
"../../../Engine/Content/VREditor/TransformGizmo/TranslucentTransformGizmoMaterial.uasset" 383
"../../../Engine/Content/VREditor/TransformGizmo/BoundingBoxCorner.uasset" 384
"../../../Engine/Content/VREditor/TransformGizmo/BoundingBoxEdge.uasset" 385
"../../../Engine/Content/VREditor/TransformGizmo/PlaneTranslationHandle.uasset" 386
"../../../Engine/Content/VREditor/TransformGizmo/Main.uasset" 387
"../../../Engine/Content/VREditor/TransformGizmo/Xray.uasset" 388
"../../../Engine/Content/VREditor/TransformGizmo/SM_Sequencer_Key.uasset" 389
"../../../Engine/Content/VREditor/TransformGizmo/SM_Sequencer_Node.uasset" 390
"../../Plugins/2D/Paper2D/Content/PlaceholderTextures/DummySpriteTexture.uasset" 391
"../../Plugins/2D/Paper2D/Content/DummySprite.uasset" 392
"../../Plugins/2D/Paper2D/Content/DefaultPaperTerrainMaterial.uasset" 393
"../../Plugins/2D/Paper2D/Content/DefaultSpriteMaterial.uasset" 394
"../../Plugins/2D/Paper2D/Content/MaskedUnlitSpriteMaterial.uasset" 395
"../../Plugins/2D/Paper2D/Content/OpaqueUnlitSpriteMaterial.uasset" 396
"../../Plugins/Runtime/Oculus/OculusVR/Content/Materials/PokeAHoleMaterial.uasset" 397
"../../Plugins/Runtime/Oculus/OculusVR/Content/Textures/GearVRController_AO.uasset" 398
"../../Plugins/Runtime/Oculus/OculusVR/Content/Textures/GearVRController_Color.uasset" 399
"../../Plugins/Runtime/Oculus/OculusVR/Content/Textures/GearVRController_Normal.uasset" 400
"../../Plugins/Runtime/Oculus/OculusVR/Content/Materials/GearVRControllerMaterial.uasset" 401
"../../Plugins/Runtime/Oculus/OculusVR/Content/Meshes/GearVrController.uasset" 402
"../../Plugins/Runtime/Oculus/OculusVR/Content/Textures/touchController_albedo.uasset" 403
"../../Plugins/Runtime/Oculus/OculusVR/Content/Textures/touchController_controlmap.uasset" 404
"../../Plugins/Runtime/Oculus/OculusVR/Content/Materials/touchController_mat.uasset" 405
"../../Plugins/Runtime/Oculus/OculusVR/Content/Meshes/LeftTouchController.uasset" 406
"../../Plugins/Runtime/Oculus/OculusVR/Content/Meshes/RiftHMD.uasset" 407
"../../Plugins/Runtime/Oculus/OculusVR/Content/Meshes/RightTouchController.uasset" 408
"../../../Engine/Content/EngineSky/C_Sky_Cloud_Color.uasset" 409
"../../../Engine/Content/EngineSky/C_Sky_Horizon_Color.uasset" 410
"../../../Engine/Content/EngineSky/C_Sky_Zenith_Color.uasset" 411
"../../../Engine/Content/EngineSky/T_Sky_Blue.uasset" 412
"../../../Engine/Content/EngineSky/T_Sky_Clouds_M.uasset" 413
"../../../Engine/Content/EngineSky/T_Sky_Stars.uasset" 414
"../../../Engine/Content/EngineSky/M_Sky_Panning_Clouds2.uasset" 415
"../../../Engine/Content/EngineSky/SM_SkySphere.uasset" 416
"../../../Engine/Content/EngineSky/BP_Sky_Sphere.uasset" 417
"../../../../../../Users/119593/Documents/GitHub/DonnanFarm/Content/TopDownBP/Blueprints/TopDownController.uasset" 418
"../../../../../../Users/119593/Documents/GitHub/DonnanFarm/Content/TopDownBP/Blueprints/TopDownGameMode.uasset" 419
"../../../../../../Users/119593/Documents/GitHub/DonnanFarm/Content/TopDownBP/Maps/landscape_BuiltData.uasset" 420
"../../../Engine/Content/EngineMaterials/DefaultPhysicalMaterial.uasset" 421
"../../../../../../Users/119593/Documents/GitHub/DonnanFarm/Content/Moorhead/landscape.umap" 422
"../../../../../../Users/119593/Documents/GitHub/DonnanFarm/Content/Martinez/GUIs/HOWTOPLAY_MENU.uasset" 423
"../../../../../../Users/119593/Documents/GitHub/DonnanFarm/Content/ThornleyWork/Crop_Screenshot.uasset" 424
"../../../../../../Users/119593/Documents/GitHub/DonnanFarm/Content/ThornleyWork/GameOverSS.uasset" 425
"../../../../../../Users/119593/Documents/GitHub/DonnanFarm/Content/ThornleyWork/HTPWidget3.uasset" 426
"../../../../../../Users/119593/Documents/GitHub/DonnanFarm/Content/ThornleyWork/HTPWidget4.uasset" 427
"../../../../../../Users/119593/Documents/GitHub/DonnanFarm/Content/ThornleyWork/Widget2_SS.uasset" 428
"../../../../../../Users/119593/Documents/GitHub/DonnanFarm/Content/ThornleyWork/Widget2_SS_2.uasset" 429
"../../../../../../Users/119593/Documents/GitHub/DonnanFarm/Content/ThornleyWork/HTPWidget2.uasset" 430
"../../../../../../Users/119593/Documents/GitHub/DonnanFarm/Content/ThornleyWork/Selection_box_SS.uasset" 431
"../../../../../../Users/119593/Documents/GitHub/DonnanFarm/Content/ThornleyWork/HTPWidget1.uasset" 432
"../../../../../../Users/119593/Documents/GitHub/DonnanFarm/Content/ThornleyWork/HTP.umap" 433
"../../../../../../Users/119593/Documents/GitHub/DonnanFarm/Content/ThornleyWork/MainMenu_BuiltData.uasset" 434
"../../../../../../Users/119593/Documents/GitHub/DonnanFarm/Content/ThornleyWork/complogo.uasset" 435
"../../../../../../Users/119593/Documents/GitHub/DonnanFarm/Content/ThornleyWork/crom.uasset" 436
"../../../../../../Users/119593/Documents/GitHub/DonnanFarm/Content/ThornleyWork/MEnu.uasset" 437
"../../../../../../Users/119593/Documents/GitHub/DonnanFarm/Content/ThornleyWork/MainMenuUI.uasset" 438
"../../../../../../Users/119593/Documents/GitHub/DonnanFarm/Content/ThornleyWork/MainMenu.umap" 439
"../../../../../../Users/119593/Documents/GitHub/DonnanFarm/Content/TopDownBP/Hussian/Seasons/pngSnowball2.uasset" 440
"../../../../../../Users/119593/Documents/GitHub/DonnanFarm/Content/TopDownBP/Hussian/Seasons/Snowball.uasset" 441
"../../../../../../Users/119593/Documents/GitHub/DonnanFarm/Content/TopDownBP/Hussian/Seasons/BlizzardParticle.uasset" 442
"../../../../../../Users/119593/Documents/GitHub/DonnanFarm/Content/TopDownBP/Hussian/Seasons/Rain.uasset" 443
"../../../../../../Users/119593/Documents/GitHub/DonnanFarm/Content/TopDownBP/Hussian/Seasons/FloodParticle.uasset" 444
"../../../../../../Users/119593/Documents/GitHub/DonnanFarm/Content/TopDownBP/Hussian/Seasons/RainParticle.uasset" 445
"../../../../../../Users/119593/Documents/GitHub/DonnanFarm/Content/TopDownBP/Hussian/Seasons/BP_SeasonalParticle.uasset" 446
"../../../../../../Users/119593/Documents/GitHub/DonnanFarm/Content/landscape/copyright_snow.uasset" 447
"../../../../../../Users/119593/Documents/GitHub/DonnanFarm/Content/landscape/copyright_snow_Mat.uasset" 448
"../../../../../../Users/119593/Documents/GitHub/DonnanFarm/Content/landscape/Ground.uasset" 449
"../../../../../../Users/119593/Documents/GitHub/DonnanFarm/Content/TopDownBP/Hussian/Seasons/IntroSequence.uasset" 450
"../../../../../../Users/119593/Documents/GitHub/DonnanFarm/Content/ThornleyWork/Thornley_Map_BuiltData.uasset" 451
"../../../../../../Users/119593/Documents/GitHub/DonnanFarm/Content/landscape/copyright_drygrass.uasset" 452
"../../../../../../Users/119593/Documents/GitHub/DonnanFarm/Content/landscape/copyright_drygrass_Mat.uasset" 453
"../../../../../../Users/119593/Documents/GitHub/DonnanFarm/Content/landscape/copyright_grass2.uasset" 454
"../../../../../../Users/119593/Documents/GitHub/DonnanFarm/Content/landscape/copyright_grass2_Mat.uasset" 455
"../../../../../../Users/119593/Documents/GitHub/DonnanFarm/Content/landscape/copyright_leaves.uasset" 456
"../../../../../../Users/119593/Documents/GitHub/DonnanFarm/Content/landscape/copyright_leaves_Mat.uasset" 457
"../../../../../../Users/119593/Documents/GitHub/DonnanFarm/Content/Martinez/Lazy_Day.uasset" 458
"../../../../../../Users/119593/Documents/GitHub/DonnanFarm/Content/TopDownBP/Hussian/Seasons/SnowParticle.uasset" 459
"../../../../../../Users/119593/Documents/GitHub/DonnanFarm/Content/ThornleyWork/Thornley_Map.umap" 460
"../../../../../../Users/119593/Documents/GitHub/DonnanFarm/Content/TopDownBP/Hussian/Hussian_Map_BuiltData.uasset" 461
"../../../Engine/Content/BasicShapes/BasicShapeMaterial.uasset" 462
"../../../Engine/Content/BasicShapes/Cone.uasset" 463
"../../../Engine/Content/BasicShapes/Cylinder.uasset" 464
"../../../../../../Users/119593/Documents/GitHub/DonnanFarm/Content/Geometry/Meshes/1M_Cube_Chamfer.uasset" 465
"../../../../../../Users/119593/Documents/GitHub/DonnanFarm/Content/TopDownBP/Hussian/Hussian_Map.umap" 466
"../../../../../../Users/119593/Documents/GitHub/DonnanFarm/Content/TopDownBP/Maps/landscape.umap" 467
"../../../Engine/Content/Maps/Entry_BuiltData.uasset" 468
"../../../Engine/Content/Maps/Entry.umap" 469
